<?xml version="1.0" encoding="UTF-8"?>
<!-- Generated by org.testng.reporters.JUnitXMLReporter -->
<testsuite ignored="0" hostname="DESKTOP-0BLHGAK" failures="0" tests="5" name="Category Tests" time="24.736" errors="0" timestamp="2025-10-16T23:23:21 CEST">
  <testcase classname="tests.CategoryTest" name="testPriceSort" time="1.877"/>
  <testcase classname="tests.CategoryTest" name="testProductDetail" time="13.462"/>
  <testcase classname="tests.CategoryTest" name="testProductSortAToZ" time="1.461"/>
  <testcase classname="tests.CategoryTest" name="testProductsAreDisplayed" time="0.086"/>
  <testcase classname="tests.CategoryTest" name="testProductsTitleAreDisplayed" time="0.2"/>
</testsuite> <!-- Category Tests -->
