<?xml version="1.0" encoding="UTF-8"?>
<!-- Generated by org.testng.reporters.JUnitXMLReporter -->
<testsuite ignored="0" hostname="DESKTOP-0BLHGAK" failures="0" tests="6" name="Login and Register Tests" time="35.955" errors="0" timestamp="2025-10-16T23:22:56 CEST">
  <testcase classname="tests.LoginTest" name="invalidtestLogin" time="1.869"/>
  <testcase classname="tests.LoginTest" name="validtestLogin" time="3.109"/>
  <testcase classname="tests.RegisterTest" name="registerWithDuplicateEmail" time="7.036"/>
  <testcase classname="tests.RegisterTest" name="testEmptyRequiredFields" time="0.731"/>
  <testcase classname="tests.RegisterTest" name="validsuccessfulFemaleRegister" time="3.364"/>
  <testcase classname="tests.RegisterTest" name="validsuccessfulMaleRegister" time="3.379"/>
</testsuite> <!-- Login and Register Tests -->
