<?xml version="1.0" encoding="UTF-8"?>
<!-- Generated by org.testng.reporters.JUnitXMLReporter -->
<testsuite ignored="0" hostname="DESKTOP-0BLHGAK" failures="0" tests="5" name="Default test" time="27.495" errors="0" timestamp="2025-09-28T12:41:32 CEST">
  <testcase classname="tests.CategoryTest" name="testPriceSort" time="1.632"/>
  <testcase classname="tests.CategoryTest" name="testProductDetail" time="14.124"/>
  <testcase classname="tests.CategoryTest" name="testProductSortAToZ" time="1.185"/>
  <testcase classname="tests.CategoryTest" name="testProductsAreDisplayed" time="0.061"/>
  <testcase classname="tests.CategoryTest" name="testProductsTitleAreDisplayed" time="0.195"/>
</testsuite> <!-- Default test -->
