<?xml version="1.0" encoding="UTF-8"?>
<!-- Generated by org.testng.reporters.JUnitXMLReporter -->
<testsuite ignored="0" hostname="DESKTOP-0BLHGAK" failures="0" tests="4" name="Default test" time="26.754" errors="0" timestamp="2025-09-12T22:13:18 CEST">
  <testcase classname="tests.RegisterTest" name="registerWithDuplicateEmail" time="7.67"/>
  <testcase classname="tests.RegisterTest" name="testEmptyRequiredFields" time="0.755"/>
  <testcase classname="tests.RegisterTest" name="validsuccessfulFemaleRegister" time="3.372"/>
  <testcase classname="tests.RegisterTest" name="validsuccessfulMaleRegister" time="4.129"/>
</testsuite> <!-- Default test -->
