<?xml version="1.0" encoding="UTF-8"?>
<!-- Generated by org.testng.reporters.JUnitXMLReporter -->
<testsuite ignored="1" hostname="DESKTOP-0BLHGAK" failures="0" tests="10" name="RegressionTests" time="74.557" errors="0" timestamp="2025-10-18T00:42:42 CEST">
  <testcase classname="tests.CategoryTest" name="testPriceSort" time="2.339"/>
  <testcase classname="tests.CategoryTest" name="testProductDetail" time="18.387"/>
  <testcase classname="tests.CategoryTest" name="testProductSortAToZ" time="1.596"/>
  <testcase classname="tests.CategoryTest" name="testProductsAreDisplayed" time="0.072"/>
  <testcase classname="tests.CategoryTest" name="testProductsTitleAreDisplayed" time="0.242"/>
  <testcase classname="tests.LoginTest" name="invalidtestLogin" time="2.398"/>
  <testcase classname="tests.LoginTest" name="validtestLogin" time="2.516"/>
  <testcase classname="tests.RegisterTest" name="registerWithDuplicateEmail" time="12.051"/>
  <testcase classname="tests.RegisterTest" name="testEmptyRequiredFields" time="0.88"/>
  <testcase classname="tests.RegisterTest" name="validsuccessfulMaleRegister" time="8.306"/>
  <testcase classname="tests.RegisterTest" name="validsuccessfulFemaleRegister" time="0.0">
    <ignored/>
  </testcase> <!-- validsuccessfulFemaleRegister -->
</testsuite> <!-- RegressionTests -->
