<?xml version="1.0" encoding="UTF-8"?>
<!-- Generated by org.testng.reporters.JUnitXMLReporter -->
<testsuite ignored="0" hostname="DESKTOP-0BLHGAK" failures="0" tests="11" name="RegressionTests" time="60.095" errors="0" timestamp="2025-10-17T23:31:44 CEST">
  <testcase classname="tests.CategoryTest" name="testPriceSort" time="1.704"/>
  <testcase classname="tests.CategoryTest" name="testProductDetail" time="14.971"/>
  <testcase classname="tests.CategoryTest" name="testProductSortAToZ" time="1.465"/>
  <testcase classname="tests.CategoryTest" name="testProductsAreDisplayed" time="0.082"/>
  <testcase classname="tests.CategoryTest" name="testProductsTitleAreDisplayed" time="0.245"/>
  <testcase classname="tests.LoginTest" name="invalidtestLogin" time="1.682"/>
  <testcase classname="tests.LoginTest" name="validtestLogin" time="2.582"/>
  <testcase classname="tests.RegisterTest" name="registerWithDuplicateEmail" time="8.204"/>
  <testcase classname="tests.RegisterTest" name="testEmptyRequiredFields" time="0.802"/>
  <testcase classname="tests.RegisterTest" name="validsuccessfulFemaleRegister" time="3.66"/>
  <testcase classname="tests.RegisterTest" name="validsuccessfulMaleRegister" time="3.839"/>
</testsuite> <!-- RegressionTests -->
