<?xml version="1.0" encoding="UTF-8"?>
<!-- Generated by org.testng.reporters.JUnitXMLReporter -->
<testsuite ignored="9" hostname="DESKTOP-0BLHGAK" failures="0" tests="2" name="SmokeTests" time="20.924" errors="0" timestamp="2025-10-17T23:30:44 CEST">
  <testcase classname="tests.LoginTest" name="validtestLogin" time="2.994"/>
  <testcase classname="tests.RegisterTest" name="validsuccessfulMaleRegister" time="3.89"/>
  <testcase classname="tests.LoginTest" name="invalidtestLogin" time="0.0">
    <ignored/>
  </testcase> <!-- invalidtestLogin -->
  <testcase classname="tests.CategoryTest" name="testPriceSort" time="0.0">
    <ignored/>
  </testcase> <!-- testPriceSort -->
  <testcase classname="tests.RegisterTest" name="testEmptyRequiredFields" time="0.0">
    <ignored/>
  </testcase> <!-- testEmptyRequiredFields -->
  <testcase classname="tests.CategoryTest" name="testProductsAreDisplayed" time="0.0">
    <ignored/>
  </testcase> <!-- testProductsAreDisplayed -->
  <testcase classname="tests.CategoryTest" name="testProductDetail" time="0.0">
    <ignored/>
  </testcase> <!-- testProductDetail -->
  <testcase classname="tests.CategoryTest" name="testProductSortAToZ" time="0.0">
    <ignored/>
  </testcase> <!-- testProductSortAToZ -->
  <testcase classname="tests.CategoryTest" name="testProductsTitleAreDisplayed" time="0.0">
    <ignored/>
  </testcase> <!-- testProductsTitleAreDisplayed -->
  <testcase classname="tests.RegisterTest" name="validsuccessfulFemaleRegister" time="0.0">
    <ignored/>
  </testcase> <!-- validsuccessfulFemaleRegister -->
  <testcase classname="tests.RegisterTest" name="registerWithDuplicateEmail" time="0.0">
    <ignored/>
  </testcase> <!-- registerWithDuplicateEmail -->
</testsuite> <!-- SmokeTests -->
