<?xml version="1.0" encoding="UTF-8"?>
<testng-results ignored="0" total="3" passed="3" failed="0" skipped="0">
  <reporter-output>
  </reporter-output>
  <suite started-at="2025-09-15T11:12:57 CEST" name="Default suite" finished-at="2025-09-15T11:13:18 CEST" duration-ms="21168">
    <groups>
    </groups>
    <test started-at="2025-09-15T11:12:57 CEST" name="Default test" finished-at="2025-09-15T11:13:18 CEST" duration-ms="21168">
      <class name="tests.CategoryTest">
        <test-method is-config="true" signature="setup()[pri:0, instance:tests.CategoryTest@179ece50]" started-at="2025-09-15T11:12:57 CEST" name="setup" finished-at="2025-09-15T11:13:03 CEST" duration-ms="6309" status="PASS">
          <reporter-output>
          </reporter-output>
        </test-method> <!-- setup -->
        <test-method is-config="true" signature="refresh()[pri:0, instance:tests.CategoryTest@179ece50]" started-at="2025-09-15T11:13:03 CEST" name="refresh" finished-at="2025-09-15T11:13:05 CEST" duration-ms="1553" status="PASS">
          <reporter-output>
          </reporter-output>
        </test-method> <!-- refresh -->
        <test-method signature="testProductDetail()[pri:0, instance:tests.CategoryTest@179ece50]" started-at="2025-09-15T11:13:05 CEST" name="testProductDetail" finished-at="2025-09-15T11:13:16 CEST" duration-ms="11134" status="PASS">
          <reporter-output>
          </reporter-output>
        </test-method> <!-- testProductDetail -->
        <test-method is-config="true" signature="refresh()[pri:0, instance:tests.CategoryTest@179ece50]" started-at="2025-09-15T11:13:16 CEST" name="refresh" finished-at="2025-09-15T11:13:17 CEST" duration-ms="584" status="PASS">
          <reporter-output>
          </reporter-output>
        </test-method> <!-- refresh -->
        <test-method signature="testProductsAreDisplayed()[pri:0, instance:tests.CategoryTest@179ece50]" started-at="2025-09-15T11:13:17 CEST" name="testProductsAreDisplayed" finished-at="2025-09-15T11:13:17 CEST" duration-ms="79" status="PASS">
          <reporter-output>
          </reporter-output>
        </test-method> <!-- testProductsAreDisplayed -->
        <test-method is-config="true" signature="refresh()[pri:0, instance:tests.CategoryTest@179ece50]" started-at="2025-09-15T11:13:17 CEST" name="refresh" finished-at="2025-09-15T11:13:17 CEST" duration-ms="578" status="PASS">
          <reporter-output>
          </reporter-output>
        </test-method> <!-- refresh -->
        <test-method signature="testProductsTitleAreDisplayed()[pri:0, instance:tests.CategoryTest@179ece50]" started-at="2025-09-15T11:13:17 CEST" name="testProductsTitleAreDisplayed" finished-at="2025-09-15T11:13:17 CEST" duration-ms="209" status="PASS">
          <reporter-output>
          </reporter-output>
        </test-method> <!-- testProductsTitleAreDisplayed -->
        <test-method is-config="true" signature="teardown()[pri:0, instance:tests.CategoryTest@179ece50]" started-at="2025-09-15T11:13:17 CEST" name="teardown" finished-at="2025-09-15T11:13:18 CEST" duration-ms="495" status="PASS">
          <reporter-output>
          </reporter-output>
        </test-method> <!-- teardown -->
      </class> <!-- tests.CategoryTest -->
    </test> <!-- Default test -->
  </suite> <!-- Default suite -->
</testng-results>
