<?xml version="1.0" encoding="UTF-8"?>
<testng-results ignored="0" total="1" passed="1" failed="0" skipped="0">
  <reporter-output>
  </reporter-output>
  <suite started-at="2025-09-11T02:01:40 CEST" name="Default suite" finished-at="2025-09-11T02:01:53 CEST" duration-ms="12458">
    <groups>
    </groups>
    <test started-at="2025-09-11T02:01:40 CEST" name="Default test" finished-at="2025-09-11T02:01:53 CEST" duration-ms="12458">
      <class name="tests.RegisterTest">
        <test-method is-config="true" signature="setup()[pri:0, instance:tests.RegisterTest@3eb738bb]" started-at="2025-09-11T02:01:40 CEST" name="setup" finished-at="2025-09-11T02:01:48 CEST" duration-ms="7866" status="PASS">
          <reporter-output>
          </reporter-output>
        </test-method> <!-- setup -->
        <test-method signature="validsuccessfulRegister()[pri:0, instance:tests.RegisterTest@3eb738bb]" started-at="2025-09-11T02:01:48 CEST" name="validsuccessfulRegister" finished-at="2025-09-11T02:01:52 CEST" duration-ms="3679" status="PASS">
          <reporter-output>
          </reporter-output>
        </test-method> <!-- validsuccessfulRegister -->
        <test-method is-config="true" signature="teardown()[pri:0, instance:tests.RegisterTest@3eb738bb]" started-at="2025-09-11T02:01:52 CEST" name="teardown" finished-at="2025-09-11T02:01:53 CEST" duration-ms="609" status="PASS">
          <reporter-output>
          </reporter-output>
        </test-method> <!-- teardown -->
      </class> <!-- tests.RegisterTest -->
    </test> <!-- Default test -->
  </suite> <!-- Default suite -->
</testng-results>
