<?xml version="1.0" encoding="UTF-8"?>
<testng-results ignored="0" total="1" passed="1" failed="0" skipped="0">
  <reporter-output>
  </reporter-output>
  <suite started-at="2025-09-13T14:45:34 CEST" name="Default suite" finished-at="2025-09-13T14:45:45 CEST" duration-ms="11658">
    <groups>
    </groups>
    <test started-at="2025-09-13T14:45:34 CEST" name="Default test" finished-at="2025-09-13T14:45:45 CEST" duration-ms="11658">
      <class name="tests.CategoryTest">
        <test-method signature="testProductsAreDisplayed()[pri:0, instance:tests.CategoryTest@515c6049]" started-at="2025-09-13T14:45:34 CEST" name="testProductsAreDisplayed" finished-at="2025-09-13T14:45:45 CEST" duration-ms="11490" status="PASS">
          <reporter-output>
          </reporter-output>
        </test-method> <!-- testProductsAreDisplayed -->
      </class> <!-- tests.CategoryTest -->
    </test> <!-- Default test -->
  </suite> <!-- Default suite -->
</testng-results>
