<?xml version="1.0" encoding="UTF-8"?>
<testng-results ignored="0" total="2" passed="2" failed="0" skipped="0">
  <reporter-output>
  </reporter-output>
  <suite started-at="2025-09-10T22:56:59 CEST" name="Default suite" finished-at="2025-09-10T22:57:13 CEST" duration-ms="13990">
    <groups>
    </groups>
    <test started-at="2025-09-10T22:56:59 CEST" name="Default test" finished-at="2025-09-10T22:57:13 CEST" duration-ms="13990">
      <class name="tests.LoginTest">
        <test-method is-config="true" signature="setup()[pri:0, instance:tests.LoginTest@5bda8e08]" started-at="2025-09-10T22:56:59 CEST" name="setup" finished-at="2025-09-10T22:57:07 CEST" duration-ms="8136" status="PASS">
          <reporter-output>
          </reporter-output>
        </test-method> <!-- setup -->
        <test-method signature="invalidtestLogin()[pri:0, instance:tests.LoginTest@5bda8e08]" started-at="2025-09-10T22:57:07 CEST" name="invalidtestLogin" finished-at="2025-09-10T22:57:09 CEST" duration-ms="1766" status="PASS">
          <reporter-output>
          </reporter-output>
        </test-method> <!-- invalidtestLogin -->
        <test-method signature="validtestLogin()[pri:0, instance:tests.LoginTest@5bda8e08]" started-at="2025-09-10T22:57:09 CEST" name="validtestLogin" finished-at="2025-09-10T22:57:12 CEST" duration-ms="2835" status="PASS">
          <reporter-output>
          </reporter-output>
        </test-method> <!-- validtestLogin -->
        <test-method is-config="true" signature="teardown()[pri:0, instance:tests.LoginTest@5bda8e08]" started-at="2025-09-10T22:57:12 CEST" name="teardown" finished-at="2025-09-10T22:57:13 CEST" duration-ms="1024" status="PASS">
          <reporter-output>
          </reporter-output>
        </test-method> <!-- teardown -->
      </class> <!-- tests.LoginTest -->
    </test> <!-- Default test -->
  </suite> <!-- Default suite -->
</testng-results>
