<?xml version="1.0" encoding="UTF-8"?>
<testng-results ignored="0" total="4" passed="4" failed="0" skipped="0">
  <reporter-output>
  </reporter-output>
  <suite started-at="2025-09-12T22:12:51 CEST" name="Default suite" finished-at="2025-09-12T22:13:18 CEST" duration-ms="26754">
    <groups>
    </groups>
    <test started-at="2025-09-12T22:12:51 CEST" name="Default test" finished-at="2025-09-12T22:13:18 CEST" duration-ms="26754">
      <class name="tests.RegisterTest">
        <test-method is-config="true" signature="setup()[pri:0, instance:tests.RegisterTest@3b0090a4]" started-at="2025-09-12T22:12:51 CEST" name="setup" finished-at="2025-09-12T22:12:58 CEST" duration-ms="6791" status="PASS">
          <reporter-output>
          </reporter-output>
        </test-method> <!-- setup -->
        <test-method is-config="true" signature="generateEmail()[pri:0, instance:tests.RegisterTest@3b0090a4]" started-at="2025-09-12T22:12:58 CEST" name="generateEmail" finished-at="2025-09-12T22:13:00 CEST" duration-ms="1716" status="PASS">
          <reporter-output>
          </reporter-output>
        </test-method> <!-- generateEmail -->
        <test-method signature="registerWithDuplicateEmail()[pri:0, instance:tests.RegisterTest@3b0090a4]" started-at="2025-09-12T22:13:00 CEST" name="registerWithDuplicateEmail" finished-at="2025-09-12T22:13:08 CEST" duration-ms="7670" status="PASS">
          <reporter-output>
          </reporter-output>
        </test-method> <!-- registerWithDuplicateEmail -->
        <test-method is-config="true" signature="generateEmail()[pri:0, instance:tests.RegisterTest@3b0090a4]" started-at="2025-09-12T22:13:08 CEST" name="generateEmail" finished-at="2025-09-12T22:13:08 CEST" duration-ms="553" status="PASS">
          <reporter-output>
          </reporter-output>
        </test-method> <!-- generateEmail -->
        <test-method signature="testEmptyRequiredFields()[pri:0, instance:tests.RegisterTest@3b0090a4]" started-at="2025-09-12T22:13:08 CEST" name="testEmptyRequiredFields" finished-at="2025-09-12T22:13:09 CEST" duration-ms="755" status="PASS">
          <reporter-output>
          </reporter-output>
        </test-method> <!-- testEmptyRequiredFields -->
        <test-method is-config="true" signature="generateEmail()[pri:0, instance:tests.RegisterTest@3b0090a4]" started-at="2025-09-12T22:13:09 CEST" name="generateEmail" finished-at="2025-09-12T22:13:09 CEST" duration-ms="494" status="PASS">
          <reporter-output>
          </reporter-output>
        </test-method> <!-- generateEmail -->
        <test-method signature="validsuccessfulFemaleRegister()[pri:0, instance:tests.RegisterTest@3b0090a4]" started-at="2025-09-12T22:13:09 CEST" name="validsuccessfulFemaleRegister" finished-at="2025-09-12T22:13:13 CEST" duration-ms="3372" status="PASS">
          <reporter-output>
          </reporter-output>
        </test-method> <!-- validsuccessfulFemaleRegister -->
        <test-method is-config="true" signature="generateEmail()[pri:0, instance:tests.RegisterTest@3b0090a4]" started-at="2025-09-12T22:13:13 CEST" name="generateEmail" finished-at="2025-09-12T22:13:13 CEST" duration-ms="543" status="PASS">
          <reporter-output>
          </reporter-output>
        </test-method> <!-- generateEmail -->
        <test-method signature="validsuccessfulMaleRegister()[pri:0, instance:tests.RegisterTest@3b0090a4]" started-at="2025-09-12T22:13:13 CEST" name="validsuccessfulMaleRegister" finished-at="2025-09-12T22:13:17 CEST" duration-ms="4129" status="PASS">
          <reporter-output>
          </reporter-output>
        </test-method> <!-- validsuccessfulMaleRegister -->
        <test-method is-config="true" signature="teardown()[pri:0, instance:tests.RegisterTest@3b0090a4]" started-at="2025-09-12T22:13:17 CEST" name="teardown" finished-at="2025-09-12T22:13:18 CEST" duration-ms="515" status="PASS">
          <reporter-output>
          </reporter-output>
        </test-method> <!-- teardown -->
      </class> <!-- tests.RegisterTest -->
    </test> <!-- Default test -->
  </suite> <!-- Default suite -->
</testng-results>
